2023-05-17 18:35:49,332:WARNING:
'cuml' is a soft dependency and not included in the pycaret installation. Please run: `pip install cuml` to install.
2023-05-17 18:35:49,332:WARNING:
'cuml' is a soft dependency and not included in the pycaret installation. Please run: `pip install cuml` to install.
2023-05-17 18:35:49,332:WARNING:
'cuml' is a soft dependency and not included in the pycaret installation. Please run: `pip install cuml` to install.
2023-05-17 18:35:49,332:WARNING:
'cuml' is a soft dependency and not included in the pycaret installation. Please run: `pip install cuml` to install.
2023-05-17 18:35:49,593:WARNING:
'prophet' is a soft dependency and not included in the pycaret installation. Please run: `pip install prophet` to install.
2023-05-17 18:38:55,954:INFO:PyCaret RegressionExperiment
2023-05-17 18:38:55,954:INFO:Logging name: reg-default-name
2023-05-17 18:38:55,954:INFO:ML Usecase: MLUsecase.REGRESSION
2023-05-17 18:38:55,954:INFO:version 3.0.1
2023-05-17 18:38:55,954:INFO:Initializing setup()
2023-05-17 18:38:55,954:INFO:self.USI: e179
2023-05-17 18:38:55,954:INFO:self._variable_keys: {'n_jobs_param', 'y_train', 'y', 'X_test', 'exp_id', 'USI', 'html_param', 'seed', 'gpu_param', 'X', 'transform_target_param', 'idx', '_ml_usecase', 'target_param', 'y_test', 'gpu_n_jobs_param', 'log_plots_param', 'X_train', 'data', 'fold_groups_param', 'fold_generator', '_available_plots', 'logging_param', 'memory', 'pipeline', 'fold_shuffle_param', 'exp_name_log'}
2023-05-17 18:38:55,954:INFO:Checking environment
2023-05-17 18:38:55,954:INFO:python_version: 3.9.16
2023-05-17 18:38:55,954:INFO:python_build: ('main', 'Feb  1 2023 21:38:11')
2023-05-17 18:38:55,954:INFO:machine: arm64
2023-05-17 18:38:55,954:INFO:platform: macOS-13.4-arm64-arm-64bit
2023-05-17 18:38:55,954:INFO:Memory: svmem(total=17179869184, available=5926649856, percent=65.5, used=6673924096, free=796524544, active=4507418624, inactive=4995022848, wired=2166505472)
2023-05-17 18:38:55,954:INFO:Physical Core: 10
2023-05-17 18:38:55,955:INFO:Logical Core: 10
2023-05-17 18:38:55,955:INFO:Checking libraries
2023-05-17 18:38:55,955:INFO:System:
2023-05-17 18:38:55,955:INFO:    python: 3.9.16 | packaged by conda-forge | (main, Feb  1 2023, 21:38:11)  [Clang 14.0.6 ]
2023-05-17 18:38:55,955:INFO:executable: /Users/achbj/opt/miniconda3/envs/ml/bin/python
2023-05-17 18:38:55,955:INFO:   machine: macOS-13.4-arm64-arm-64bit
2023-05-17 18:38:55,955:INFO:PyCaret required dependencies:
2023-05-17 18:38:55,955:INFO:                 pip: 23.0.1
2023-05-17 18:38:55,955:INFO:          setuptools: 67.6.1
2023-05-17 18:38:55,955:INFO:             pycaret: 3.0.1
2023-05-17 18:38:55,955:INFO:             IPython: 8.11.0
2023-05-17 18:38:55,955:INFO:          ipywidgets: 8.0.6
2023-05-17 18:38:55,955:INFO:                tqdm: 4.65.0
2023-05-17 18:38:55,955:INFO:               numpy: 1.23.2
2023-05-17 18:38:55,955:INFO:              pandas: 1.5.3
2023-05-17 18:38:55,955:INFO:              jinja2: 3.1.2
2023-05-17 18:38:55,955:INFO:               scipy: 1.10.1
2023-05-17 18:38:55,955:INFO:              joblib: 1.2.0
2023-05-17 18:38:55,955:INFO:             sklearn: 1.2.2
2023-05-17 18:38:55,955:INFO:                pyod: 1.0.9
2023-05-17 18:38:55,955:INFO:            imblearn: 0.10.1
2023-05-17 18:38:55,955:INFO:   category_encoders: 2.6.1
2023-05-17 18:38:55,955:INFO:            lightgbm: 3.3.5
2023-05-17 18:38:55,955:INFO:               numba: 0.57.0
2023-05-17 18:38:55,955:INFO:            requests: 2.28.2
2023-05-17 18:38:55,955:INFO:          matplotlib: 3.7.1
2023-05-17 18:38:55,955:INFO:          scikitplot: 0.3.7
2023-05-17 18:38:55,955:INFO:         yellowbrick: 1.5
2023-05-17 18:38:55,955:INFO:              plotly: 5.9.0
2023-05-17 18:38:55,955:INFO:             kaleido: 0.2.1
2023-05-17 18:38:55,955:INFO:         statsmodels: 0.14.0
2023-05-17 18:38:55,955:INFO:              sktime: 0.17.0
2023-05-17 18:38:55,955:INFO:               tbats: 1.1.3
2023-05-17 18:38:55,955:INFO:            pmdarima: 2.0.3
2023-05-17 18:38:55,955:INFO:              psutil: 5.9.4
2023-05-17 18:38:55,955:INFO:PyCaret optional dependencies:
2023-05-17 18:38:55,962:INFO:                shap: Not installed
2023-05-17 18:38:55,963:INFO:           interpret: Not installed
2023-05-17 18:38:55,963:INFO:                umap: Not installed
2023-05-17 18:38:55,963:INFO:    pandas_profiling: Not installed
2023-05-17 18:38:55,963:INFO:  explainerdashboard: Not installed
2023-05-17 18:38:55,963:INFO:             autoviz: Not installed
2023-05-17 18:38:55,963:INFO:           fairlearn: Not installed
2023-05-17 18:38:55,963:INFO:             xgboost: Not installed
2023-05-17 18:38:55,963:INFO:            catboost: Not installed
2023-05-17 18:38:55,963:INFO:              kmodes: Not installed
2023-05-17 18:38:55,963:INFO:             mlxtend: Not installed
2023-05-17 18:38:55,963:INFO:       statsforecast: Not installed
2023-05-17 18:38:55,963:INFO:        tune_sklearn: Not installed
2023-05-17 18:38:55,963:INFO:                 ray: Not installed
2023-05-17 18:38:55,963:INFO:            hyperopt: Not installed
2023-05-17 18:38:55,963:INFO:              optuna: Not installed
2023-05-17 18:38:55,963:INFO:               skopt: Not installed
2023-05-17 18:38:55,963:INFO:              mlflow: Not installed
2023-05-17 18:38:55,963:INFO:              gradio: Not installed
2023-05-17 18:38:55,963:INFO:             fastapi: Not installed
2023-05-17 18:38:55,963:INFO:             uvicorn: Not installed
2023-05-17 18:38:55,963:INFO:              m2cgen: Not installed
2023-05-17 18:38:55,963:INFO:           evidently: Not installed
2023-05-17 18:38:55,963:INFO:               fugue: Not installed
2023-05-17 18:38:55,963:INFO:           streamlit: Not installed
2023-05-17 18:38:55,963:INFO:             prophet: Not installed
2023-05-17 18:38:55,963:INFO:None
2023-05-17 18:38:55,963:INFO:Set up data.
2023-05-17 18:38:55,966:INFO:Set up train/test split.
2023-05-17 18:38:55,968:INFO:Set up index.
2023-05-17 18:38:55,968:INFO:Set up folding strategy.
2023-05-17 18:38:55,968:INFO:Assigning column types.
2023-05-17 18:38:55,969:INFO:Engine successfully changes for model 'lr' to 'sklearn'.
2023-05-17 18:38:55,969:INFO:Engine for model 'lasso' has not been set explicitly, hence returning None.
2023-05-17 18:38:55,971:INFO:Engine for model 'ridge' has not been set explicitly, hence returning None.
2023-05-17 18:38:55,973:INFO:Engine for model 'en' has not been set explicitly, hence returning None.
2023-05-17 18:38:56,002:INFO:Engine for model 'svm' has not been set explicitly, hence returning None.
2023-05-17 18:38:56,024:INFO:Engine for model 'knn' has not been set explicitly, hence returning None.
2023-05-17 18:38:56,024:WARNING:
'xgboost' is a soft dependency and not included in the pycaret installation. Please run: `pip install xgboost` to install.
Alternately, you can install this by running `pip install pycaret[models]`
2023-05-17 18:38:56,036:WARNING:
'catboost' is a soft dependency and not included in the pycaret installation. Please run: `pip install catboost` to install.
Alternately, you can install this by running `pip install pycaret[models]`
2023-05-17 18:38:56,036:INFO:Engine for model 'lasso' has not been set explicitly, hence returning None.
2023-05-17 18:38:56,038:INFO:Engine for model 'ridge' has not been set explicitly, hence returning None.
2023-05-17 18:38:56,040:INFO:Engine for model 'en' has not been set explicitly, hence returning None.
2023-05-17 18:38:56,066:INFO:Engine for model 'svm' has not been set explicitly, hence returning None.
2023-05-17 18:38:56,086:INFO:Engine for model 'knn' has not been set explicitly, hence returning None.
2023-05-17 18:38:56,086:WARNING:
'xgboost' is a soft dependency and not included in the pycaret installation. Please run: `pip install xgboost` to install.
Alternately, you can install this by running `pip install pycaret[models]`
2023-05-17 18:38:56,086:WARNING:
'catboost' is a soft dependency and not included in the pycaret installation. Please run: `pip install catboost` to install.
Alternately, you can install this by running `pip install pycaret[models]`
2023-05-17 18:38:56,086:INFO:Engine successfully changes for model 'lasso' to 'sklearn'.
2023-05-17 18:38:56,088:INFO:Engine for model 'ridge' has not been set explicitly, hence returning None.
2023-05-17 18:38:56,090:INFO:Engine for model 'en' has not been set explicitly, hence returning None.
2023-05-17 18:38:56,116:INFO:Engine for model 'svm' has not been set explicitly, hence returning None.
2023-05-17 18:38:56,136:INFO:Engine for model 'knn' has not been set explicitly, hence returning None.
2023-05-17 18:38:56,136:WARNING:
'xgboost' is a soft dependency and not included in the pycaret installation. Please run: `pip install xgboost` to install.
Alternately, you can install this by running `pip install pycaret[models]`
2023-05-17 18:38:56,136:WARNING:
'catboost' is a soft dependency and not included in the pycaret installation. Please run: `pip install catboost` to install.
Alternately, you can install this by running `pip install pycaret[models]`
2023-05-17 18:38:56,138:INFO:Engine for model 'ridge' has not been set explicitly, hence returning None.
2023-05-17 18:38:56,140:INFO:Engine for model 'en' has not been set explicitly, hence returning None.
2023-05-17 18:38:56,166:INFO:Engine for model 'svm' has not been set explicitly, hence returning None.
2023-05-17 18:38:56,186:INFO:Engine for model 'knn' has not been set explicitly, hence returning None.
2023-05-17 18:38:56,187:WARNING:
'xgboost' is a soft dependency and not included in the pycaret installation. Please run: `pip install xgboost` to install.
Alternately, you can install this by running `pip install pycaret[models]`
2023-05-17 18:38:56,187:WARNING:
'catboost' is a soft dependency and not included in the pycaret installation. Please run: `pip install catboost` to install.
Alternately, you can install this by running `pip install pycaret[models]`
2023-05-17 18:38:56,187:INFO:Engine successfully changes for model 'ridge' to 'sklearn'.
2023-05-17 18:38:56,191:INFO:Engine for model 'en' has not been set explicitly, hence returning None.
2023-05-17 18:38:56,217:INFO:Engine for model 'svm' has not been set explicitly, hence returning None.
2023-05-17 18:38:56,237:INFO:Engine for model 'knn' has not been set explicitly, hence returning None.
2023-05-17 18:38:56,237:WARNING:
'xgboost' is a soft dependency and not included in the pycaret installation. Please run: `pip install xgboost` to install.
Alternately, you can install this by running `pip install pycaret[models]`
2023-05-17 18:38:56,237:WARNING:
'catboost' is a soft dependency and not included in the pycaret installation. Please run: `pip install catboost` to install.
Alternately, you can install this by running `pip install pycaret[models]`
2023-05-17 18:38:56,241:INFO:Engine for model 'en' has not been set explicitly, hence returning None.
2023-05-17 18:38:56,267:INFO:Engine for model 'svm' has not been set explicitly, hence returning None.
2023-05-17 18:38:56,287:INFO:Engine for model 'knn' has not been set explicitly, hence returning None.
2023-05-17 18:38:56,287:WARNING:
'xgboost' is a soft dependency and not included in the pycaret installation. Please run: `pip install xgboost` to install.
Alternately, you can install this by running `pip install pycaret[models]`
2023-05-17 18:38:56,287:WARNING:
'catboost' is a soft dependency and not included in the pycaret installation. Please run: `pip install catboost` to install.
Alternately, you can install this by running `pip install pycaret[models]`
2023-05-17 18:38:56,287:INFO:Engine successfully changes for model 'en' to 'sklearn'.
2023-05-17 18:38:56,317:INFO:Engine for model 'svm' has not been set explicitly, hence returning None.
2023-05-17 18:38:56,337:INFO:Engine for model 'knn' has not been set explicitly, hence returning None.
2023-05-17 18:38:56,338:WARNING:
'xgboost' is a soft dependency and not included in the pycaret installation. Please run: `pip install xgboost` to install.
Alternately, you can install this by running `pip install pycaret[models]`
2023-05-17 18:38:56,338:WARNING:
'catboost' is a soft dependency and not included in the pycaret installation. Please run: `pip install catboost` to install.
Alternately, you can install this by running `pip install pycaret[models]`
2023-05-17 18:38:56,367:INFO:Engine for model 'svm' has not been set explicitly, hence returning None.
2023-05-17 18:38:56,387:INFO:Engine for model 'knn' has not been set explicitly, hence returning None.
2023-05-17 18:38:56,388:WARNING:
'xgboost' is a soft dependency and not included in the pycaret installation. Please run: `pip install xgboost` to install.
Alternately, you can install this by running `pip install pycaret[models]`
2023-05-17 18:38:56,388:WARNING:
'catboost' is a soft dependency and not included in the pycaret installation. Please run: `pip install catboost` to install.
Alternately, you can install this by running `pip install pycaret[models]`
2023-05-17 18:38:56,388:INFO:Engine successfully changes for model 'knn' to 'sklearn'.
2023-05-17 18:38:56,417:INFO:Engine for model 'svm' has not been set explicitly, hence returning None.
2023-05-17 18:38:56,438:WARNING:
'xgboost' is a soft dependency and not included in the pycaret installation. Please run: `pip install xgboost` to install.
Alternately, you can install this by running `pip install pycaret[models]`
2023-05-17 18:38:56,438:WARNING:
'catboost' is a soft dependency and not included in the pycaret installation. Please run: `pip install catboost` to install.
Alternately, you can install this by running `pip install pycaret[models]`
2023-05-17 18:38:56,468:INFO:Engine for model 'svm' has not been set explicitly, hence returning None.
2023-05-17 18:38:56,488:WARNING:
'xgboost' is a soft dependency and not included in the pycaret installation. Please run: `pip install xgboost` to install.
Alternately, you can install this by running `pip install pycaret[models]`
2023-05-17 18:38:56,488:WARNING:
'catboost' is a soft dependency and not included in the pycaret installation. Please run: `pip install catboost` to install.
Alternately, you can install this by running `pip install pycaret[models]`
2023-05-17 18:38:56,488:INFO:Engine successfully changes for model 'svm' to 'sklearn'.
2023-05-17 18:38:56,537:WARNING:
'xgboost' is a soft dependency and not included in the pycaret installation. Please run: `pip install xgboost` to install.
Alternately, you can install this by running `pip install pycaret[models]`
2023-05-17 18:38:56,538:WARNING:
'catboost' is a soft dependency and not included in the pycaret installation. Please run: `pip install catboost` to install.
Alternately, you can install this by running `pip install pycaret[models]`
2023-05-17 18:38:56,587:WARNING:
'xgboost' is a soft dependency and not included in the pycaret installation. Please run: `pip install xgboost` to install.
Alternately, you can install this by running `pip install pycaret[models]`
2023-05-17 18:38:56,587:WARNING:
'catboost' is a soft dependency and not included in the pycaret installation. Please run: `pip install catboost` to install.
Alternately, you can install this by running `pip install pycaret[models]`
2023-05-17 18:38:56,589:INFO:Preparing preprocessing pipeline...
2023-05-17 18:38:56,589:INFO:Set up simple imputation.
2023-05-17 18:38:56,591:INFO:Set up encoding of ordinal features.
2023-05-17 18:38:56,592:INFO:Set up encoding of categorical features.
2023-05-17 18:38:56,610:INFO:Finished creating preprocessing pipeline.
2023-05-17 18:38:56,621:INFO:Pipeline: Pipeline(memory=FastMemory(location=/var/folders/jh/_q3zsphn00z4nwx2cszyw4mc0000gn/T/joblib),
         steps=[('numerical_imputer',
                 TransformerWrapper(include=['Age', 'AnnualIncome',
                                             'FamilyMembers',
                                             'ChronicDiseases'],
                                    transformer=SimpleImputer())),
                ('categorical_imputer',
                 TransformerWrapper(include=['GraduateOrNot', 'FrequentFlyer'],
                                    transformer=SimpleImputer(strat...
                ('ordinal_encoding',
                 TransformerWrapper(include=['GraduateOrNot', 'FrequentFlyer'],
                                    transformer=OrdinalEncoder(cols=['GraduateOrNot',
                                                                     'FrequentFlyer'],
                                                               handle_missing='return_nan',
                                                               mapping=[{'col': 'GraduateOrNot',
                                                                         'data_type': dtype('O'),
                                                                         'mapping': No     0
Yes    1
NaN   -1
dtype: int64},
                                                                        {'col': 'FrequentFlyer',
                                                                         'data_type': dtype('O'),
                                                                         'mapping': No     0
Yes    1
NaN   -1
dtype: int64}])))])
2023-05-17 18:38:56,621:INFO:Creating final display dataframe.
2023-05-17 18:38:56,682:INFO:Setup _display_container:                     Description             Value
0                    Session id               123
1                        Target   TravelInsurance
2                   Target type        Regression
3           Original data shape         (1589, 7)
4        Transformed data shape         (1589, 7)
5   Transformed train set shape         (1112, 7)
6    Transformed test set shape          (477, 7)
7              Ordinal features                 2
8              Numeric features                 4
9          Categorical features                 2
10                   Preprocess              True
11              Imputation type            simple
12           Numeric imputation              mean
13       Categorical imputation              mode
14     Maximum one-hot encoding                25
15              Encoding method              None
16               Fold Generator             KFold
17                  Fold Number                10
18                     CPU Jobs                -1
19                      Use GPU             False
20               Log Experiment             False
21              Experiment Name  reg-default-name
22                          USI              e179
2023-05-17 18:38:56,737:WARNING:
'xgboost' is a soft dependency and not included in the pycaret installation. Please run: `pip install xgboost` to install.
Alternately, you can install this by running `pip install pycaret[models]`
2023-05-17 18:38:56,737:WARNING:
'catboost' is a soft dependency and not included in the pycaret installation. Please run: `pip install catboost` to install.
Alternately, you can install this by running `pip install pycaret[models]`
2023-05-17 18:38:56,790:WARNING:
'xgboost' is a soft dependency and not included in the pycaret installation. Please run: `pip install xgboost` to install.
Alternately, you can install this by running `pip install pycaret[models]`
2023-05-17 18:38:56,790:WARNING:
'catboost' is a soft dependency and not included in the pycaret installation. Please run: `pip install catboost` to install.
Alternately, you can install this by running `pip install pycaret[models]`
2023-05-17 18:38:56,790:INFO:setup() successfully completed in 0.86s...............
2023-05-17 18:38:56,790:INFO:Initializing compare_models()
2023-05-17 18:38:56,790:INFO:compare_models(self=<pycaret.regression.oop.RegressionExperiment object at 0x157ad9250>, include=None, fold=None, round=4, cross_validation=True, sort=R2, n_select=1, budget_time=None, turbo=True, errors=ignore, fit_kwargs=None, groups=None, experiment_custom_tags=None, probability_threshold=None, verbose=True, parallel=None, caller_params={'self': <pycaret.regression.oop.RegressionExperiment object at 0x157ad9250>, 'include': None, 'exclude': None, 'fold': None, 'round': 4, 'cross_validation': True, 'sort': 'R2', 'n_select': 1, 'budget_time': None, 'turbo': True, 'errors': 'ignore', 'fit_kwargs': None, 'groups': None, 'experiment_custom_tags': None, 'engine': None, 'verbose': True, 'parallel': None, '__class__': <class 'pycaret.regression.oop.RegressionExperiment'>}, exclude=None)
2023-05-17 18:38:56,790:INFO:Checking exceptions
2023-05-17 18:38:56,791:INFO:Preparing display monitor
2023-05-17 18:38:56,814:INFO:Initializing Linear Regression
2023-05-17 18:38:56,814:INFO:Total runtime is 6.298224131266276e-06 minutes
2023-05-17 18:38:56,816:INFO:SubProcess create_model() called ==================================
2023-05-17 18:38:56,817:INFO:Initializing create_model()
2023-05-17 18:38:56,817:INFO:create_model(self=<pycaret.regression.oop.RegressionExperiment object at 0x157ad9250>, estimator=lr, fold=KFold(n_splits=10, random_state=None, shuffle=False), round=4, cross_validation=True, predict=True, fit_kwargs={}, groups=None, refit=False, probability_threshold=None, experiment_custom_tags=None, verbose=False, system=False, add_to_model_list=True, metrics=None, display=<pycaret.internal.display.display.CommonDisplay object at 0x168825f70>, model_only=True, return_train_score=False, kwargs={})
2023-05-17 18:38:56,817:INFO:Checking exceptions
2023-05-17 18:38:56,817:INFO:Importing libraries
2023-05-17 18:38:56,817:INFO:Copying training dataset
2023-05-17 18:38:56,820:INFO:Defining folds
2023-05-17 18:38:56,820:INFO:Declaring metric variables
2023-05-17 18:38:56,822:INFO:Importing untrained model
2023-05-17 18:38:56,824:INFO:Linear Regression Imported successfully
2023-05-17 18:38:56,828:INFO:Starting cross validation
2023-05-17 18:38:56,833:INFO:Cross validating with KFold(n_splits=10, random_state=None, shuffle=False), n_jobs=-1
2023-05-17 18:38:58,284:INFO:Calculating mean and std
2023-05-17 18:38:58,285:INFO:Creating metrics dataframe
2023-05-17 18:38:58,303:INFO:Uploading results into container
2023-05-17 18:38:58,303:INFO:Uploading model into container now
2023-05-17 18:38:58,303:INFO:_master_model_container: 1
2023-05-17 18:38:58,303:INFO:_display_container: 2
2023-05-17 18:38:58,304:INFO:LinearRegression(n_jobs=-1)
2023-05-17 18:38:58,304:INFO:create_model() successfully completed......................................
2023-05-17 18:38:58,396:INFO:SubProcess create_model() end ==================================
2023-05-17 18:38:58,396:INFO:Creating metrics dataframe
2023-05-17 18:38:58,400:INFO:Initializing Lasso Regression
2023-05-17 18:38:58,400:INFO:Total runtime is 0.02644158204396566 minutes
2023-05-17 18:38:58,402:INFO:SubProcess create_model() called ==================================
2023-05-17 18:38:58,402:INFO:Initializing create_model()
2023-05-17 18:38:58,402:INFO:create_model(self=<pycaret.regression.oop.RegressionExperiment object at 0x157ad9250>, estimator=lasso, fold=KFold(n_splits=10, random_state=None, shuffle=False), round=4, cross_validation=True, predict=True, fit_kwargs={}, groups=None, refit=False, probability_threshold=None, experiment_custom_tags=None, verbose=False, system=False, add_to_model_list=True, metrics=None, display=<pycaret.internal.display.display.CommonDisplay object at 0x168825f70>, model_only=True, return_train_score=False, kwargs={})
2023-05-17 18:38:58,402:INFO:Checking exceptions
2023-05-17 18:38:58,402:INFO:Importing libraries
2023-05-17 18:38:58,402:INFO:Copying training dataset
2023-05-17 18:38:58,404:INFO:Defining folds
2023-05-17 18:38:58,404:INFO:Declaring metric variables
2023-05-17 18:38:58,406:INFO:Importing untrained model
2023-05-17 18:38:58,407:INFO:Lasso Regression Imported successfully
2023-05-17 18:38:58,411:INFO:Starting cross validation
2023-05-17 18:38:58,411:INFO:Cross validating with KFold(n_splits=10, random_state=None, shuffle=False), n_jobs=-1
2023-05-17 18:38:58,563:INFO:Calculating mean and std
2023-05-17 18:38:58,564:INFO:Creating metrics dataframe
2023-05-17 18:38:58,580:INFO:Uploading results into container
2023-05-17 18:38:58,581:INFO:Uploading model into container now
2023-05-17 18:38:58,581:INFO:_master_model_container: 2
2023-05-17 18:38:58,581:INFO:_display_container: 2
2023-05-17 18:38:58,581:INFO:Lasso(random_state=123)
2023-05-17 18:38:58,581:INFO:create_model() successfully completed......................................
2023-05-17 18:38:58,663:INFO:SubProcess create_model() end ==================================
2023-05-17 18:38:58,663:INFO:Creating metrics dataframe
2023-05-17 18:38:58,667:INFO:Initializing Ridge Regression
2023-05-17 18:38:58,667:INFO:Total runtime is 0.030893886089324953 minutes
2023-05-17 18:38:58,669:INFO:SubProcess create_model() called ==================================
2023-05-17 18:38:58,669:INFO:Initializing create_model()
2023-05-17 18:38:58,669:INFO:create_model(self=<pycaret.regression.oop.RegressionExperiment object at 0x157ad9250>, estimator=ridge, fold=KFold(n_splits=10, random_state=None, shuffle=False), round=4, cross_validation=True, predict=True, fit_kwargs={}, groups=None, refit=False, probability_threshold=None, experiment_custom_tags=None, verbose=False, system=False, add_to_model_list=True, metrics=None, display=<pycaret.internal.display.display.CommonDisplay object at 0x168825f70>, model_only=True, return_train_score=False, kwargs={})
2023-05-17 18:38:58,669:INFO:Checking exceptions
2023-05-17 18:38:58,669:INFO:Importing libraries
2023-05-17 18:38:58,669:INFO:Copying training dataset
2023-05-17 18:38:58,671:INFO:Defining folds
2023-05-17 18:38:58,671:INFO:Declaring metric variables
2023-05-17 18:38:58,672:INFO:Importing untrained model
2023-05-17 18:38:58,674:INFO:Ridge Regression Imported successfully
2023-05-17 18:38:58,676:INFO:Starting cross validation
2023-05-17 18:38:58,677:INFO:Cross validating with KFold(n_splits=10, random_state=None, shuffle=False), n_jobs=-1
2023-05-17 18:38:58,827:INFO:Calculating mean and std
2023-05-17 18:38:58,828:INFO:Creating metrics dataframe
2023-05-17 18:38:58,842:INFO:Uploading results into container
2023-05-17 18:38:58,842:INFO:Uploading model into container now
2023-05-17 18:38:58,842:INFO:_master_model_container: 3
2023-05-17 18:38:58,842:INFO:_display_container: 2
2023-05-17 18:38:58,842:INFO:Ridge(random_state=123)
2023-05-17 18:38:58,842:INFO:create_model() successfully completed......................................
2023-05-17 18:38:58,924:INFO:SubProcess create_model() end ==================================
2023-05-17 18:38:58,924:INFO:Creating metrics dataframe
2023-05-17 18:38:58,928:INFO:Initializing Elastic Net
2023-05-17 18:38:58,928:INFO:Total runtime is 0.035244731108347575 minutes
2023-05-17 18:38:58,930:INFO:SubProcess create_model() called ==================================
2023-05-17 18:38:58,930:INFO:Initializing create_model()
2023-05-17 18:38:58,930:INFO:create_model(self=<pycaret.regression.oop.RegressionExperiment object at 0x157ad9250>, estimator=en, fold=KFold(n_splits=10, random_state=None, shuffle=False), round=4, cross_validation=True, predict=True, fit_kwargs={}, groups=None, refit=False, probability_threshold=None, experiment_custom_tags=None, verbose=False, system=False, add_to_model_list=True, metrics=None, display=<pycaret.internal.display.display.CommonDisplay object at 0x168825f70>, model_only=True, return_train_score=False, kwargs={})
2023-05-17 18:38:58,930:INFO:Checking exceptions
2023-05-17 18:38:58,930:INFO:Importing libraries
2023-05-17 18:38:58,930:INFO:Copying training dataset
2023-05-17 18:38:58,932:INFO:Defining folds
2023-05-17 18:38:58,932:INFO:Declaring metric variables
2023-05-17 18:38:58,933:INFO:Importing untrained model
2023-05-17 18:38:58,935:INFO:Elastic Net Imported successfully
2023-05-17 18:38:58,937:INFO:Starting cross validation
2023-05-17 18:38:58,938:INFO:Cross validating with KFold(n_splits=10, random_state=None, shuffle=False), n_jobs=-1
2023-05-17 18:38:59,084:INFO:Calculating mean and std
2023-05-17 18:38:59,085:INFO:Creating metrics dataframe
2023-05-17 18:38:59,099:INFO:Uploading results into container
2023-05-17 18:38:59,099:INFO:Uploading model into container now
2023-05-17 18:38:59,099:INFO:_master_model_container: 4
2023-05-17 18:38:59,099:INFO:_display_container: 2
2023-05-17 18:38:59,100:INFO:ElasticNet(random_state=123)
2023-05-17 18:38:59,100:INFO:create_model() successfully completed......................................
2023-05-17 18:38:59,181:INFO:SubProcess create_model() end ==================================
2023-05-17 18:38:59,182:INFO:Creating metrics dataframe
2023-05-17 18:38:59,186:INFO:Initializing Least Angle Regression
2023-05-17 18:38:59,186:INFO:Total runtime is 0.03953516483306885 minutes
2023-05-17 18:38:59,187:INFO:SubProcess create_model() called ==================================
2023-05-17 18:38:59,187:INFO:Initializing create_model()
2023-05-17 18:38:59,187:INFO:create_model(self=<pycaret.regression.oop.RegressionExperiment object at 0x157ad9250>, estimator=lar, fold=KFold(n_splits=10, random_state=None, shuffle=False), round=4, cross_validation=True, predict=True, fit_kwargs={}, groups=None, refit=False, probability_threshold=None, experiment_custom_tags=None, verbose=False, system=False, add_to_model_list=True, metrics=None, display=<pycaret.internal.display.display.CommonDisplay object at 0x168825f70>, model_only=True, return_train_score=False, kwargs={})
2023-05-17 18:38:59,187:INFO:Checking exceptions
2023-05-17 18:38:59,187:INFO:Importing libraries
2023-05-17 18:38:59,187:INFO:Copying training dataset
2023-05-17 18:38:59,189:INFO:Defining folds
2023-05-17 18:38:59,189:INFO:Declaring metric variables
2023-05-17 18:38:59,191:INFO:Importing untrained model
2023-05-17 18:38:59,192:INFO:Least Angle Regression Imported successfully
2023-05-17 18:38:59,195:INFO:Starting cross validation
2023-05-17 18:38:59,196:INFO:Cross validating with KFold(n_splits=10, random_state=None, shuffle=False), n_jobs=-1
2023-05-17 18:38:59,340:INFO:Calculating mean and std
2023-05-17 18:38:59,341:INFO:Creating metrics dataframe
2023-05-17 18:38:59,356:INFO:Uploading results into container
2023-05-17 18:38:59,357:INFO:Uploading model into container now
2023-05-17 18:38:59,357:INFO:_master_model_container: 5
2023-05-17 18:38:59,357:INFO:_display_container: 2
2023-05-17 18:38:59,357:INFO:Lars(random_state=123)
2023-05-17 18:38:59,357:INFO:create_model() successfully completed......................................
2023-05-17 18:38:59,444:INFO:SubProcess create_model() end ==================================
2023-05-17 18:38:59,444:INFO:Creating metrics dataframe
2023-05-17 18:38:59,448:INFO:Initializing Lasso Least Angle Regression
2023-05-17 18:38:59,448:INFO:Total runtime is 0.04391008218129476 minutes
2023-05-17 18:38:59,450:INFO:SubProcess create_model() called ==================================
2023-05-17 18:38:59,451:INFO:Initializing create_model()
2023-05-17 18:38:59,451:INFO:create_model(self=<pycaret.regression.oop.RegressionExperiment object at 0x157ad9250>, estimator=llar, fold=KFold(n_splits=10, random_state=None, shuffle=False), round=4, cross_validation=True, predict=True, fit_kwargs={}, groups=None, refit=False, probability_threshold=None, experiment_custom_tags=None, verbose=False, system=False, add_to_model_list=True, metrics=None, display=<pycaret.internal.display.display.CommonDisplay object at 0x168825f70>, model_only=True, return_train_score=False, kwargs={})
2023-05-17 18:38:59,451:INFO:Checking exceptions
2023-05-17 18:38:59,451:INFO:Importing libraries
2023-05-17 18:38:59,451:INFO:Copying training dataset
2023-05-17 18:38:59,453:INFO:Defining folds
2023-05-17 18:38:59,453:INFO:Declaring metric variables
2023-05-17 18:38:59,455:INFO:Importing untrained model
2023-05-17 18:38:59,456:INFO:Lasso Least Angle Regression Imported successfully
2023-05-17 18:38:59,459:INFO:Starting cross validation
2023-05-17 18:38:59,460:INFO:Cross validating with KFold(n_splits=10, random_state=None, shuffle=False), n_jobs=-1
2023-05-17 18:38:59,607:INFO:Calculating mean and std
2023-05-17 18:38:59,607:INFO:Creating metrics dataframe
2023-05-17 18:38:59,623:INFO:Uploading results into container
2023-05-17 18:38:59,624:INFO:Uploading model into container now
2023-05-17 18:38:59,624:INFO:_master_model_container: 6
2023-05-17 18:38:59,624:INFO:_display_container: 2
2023-05-17 18:38:59,624:INFO:LassoLars(random_state=123)
2023-05-17 18:38:59,624:INFO:create_model() successfully completed......................................
2023-05-17 18:38:59,712:INFO:SubProcess create_model() end ==================================
2023-05-17 18:38:59,712:INFO:Creating metrics dataframe
2023-05-17 18:38:59,717:INFO:Initializing Orthogonal Matching Pursuit
2023-05-17 18:38:59,717:INFO:Total runtime is 0.04838548103968303 minutes
2023-05-17 18:38:59,719:INFO:SubProcess create_model() called ==================================
2023-05-17 18:38:59,719:INFO:Initializing create_model()
2023-05-17 18:38:59,719:INFO:create_model(self=<pycaret.regression.oop.RegressionExperiment object at 0x157ad9250>, estimator=omp, fold=KFold(n_splits=10, random_state=None, shuffle=False), round=4, cross_validation=True, predict=True, fit_kwargs={}, groups=None, refit=False, probability_threshold=None, experiment_custom_tags=None, verbose=False, system=False, add_to_model_list=True, metrics=None, display=<pycaret.internal.display.display.CommonDisplay object at 0x168825f70>, model_only=True, return_train_score=False, kwargs={})
2023-05-17 18:38:59,719:INFO:Checking exceptions
2023-05-17 18:38:59,719:INFO:Importing libraries
2023-05-17 18:38:59,719:INFO:Copying training dataset
2023-05-17 18:38:59,722:INFO:Defining folds
2023-05-17 18:38:59,722:INFO:Declaring metric variables
2023-05-17 18:38:59,723:INFO:Importing untrained model
2023-05-17 18:38:59,725:INFO:Orthogonal Matching Pursuit Imported successfully
2023-05-17 18:38:59,728:INFO:Starting cross validation
2023-05-17 18:38:59,729:INFO:Cross validating with KFold(n_splits=10, random_state=None, shuffle=False), n_jobs=-1
2023-05-17 18:38:59,872:INFO:Calculating mean and std
2023-05-17 18:38:59,873:INFO:Creating metrics dataframe
2023-05-17 18:38:59,888:INFO:Uploading results into container
2023-05-17 18:38:59,888:INFO:Uploading model into container now
2023-05-17 18:38:59,888:INFO:_master_model_container: 7
2023-05-17 18:38:59,888:INFO:_display_container: 2
2023-05-17 18:38:59,889:INFO:OrthogonalMatchingPursuit()
2023-05-17 18:38:59,889:INFO:create_model() successfully completed......................................
2023-05-17 18:38:59,976:INFO:SubProcess create_model() end ==================================
2023-05-17 18:38:59,976:INFO:Creating metrics dataframe
2023-05-17 18:38:59,981:INFO:Initializing Bayesian Ridge
2023-05-17 18:38:59,981:INFO:Total runtime is 0.05278384685516358 minutes
2023-05-17 18:38:59,982:INFO:SubProcess create_model() called ==================================
2023-05-17 18:38:59,982:INFO:Initializing create_model()
2023-05-17 18:38:59,982:INFO:create_model(self=<pycaret.regression.oop.RegressionExperiment object at 0x157ad9250>, estimator=br, fold=KFold(n_splits=10, random_state=None, shuffle=False), round=4, cross_validation=True, predict=True, fit_kwargs={}, groups=None, refit=False, probability_threshold=None, experiment_custom_tags=None, verbose=False, system=False, add_to_model_list=True, metrics=None, display=<pycaret.internal.display.display.CommonDisplay object at 0x168825f70>, model_only=True, return_train_score=False, kwargs={})
2023-05-17 18:38:59,982:INFO:Checking exceptions
2023-05-17 18:38:59,982:INFO:Importing libraries
2023-05-17 18:38:59,982:INFO:Copying training dataset
2023-05-17 18:38:59,984:INFO:Defining folds
2023-05-17 18:38:59,984:INFO:Declaring metric variables
2023-05-17 18:38:59,986:INFO:Importing untrained model
2023-05-17 18:38:59,988:INFO:Bayesian Ridge Imported successfully
2023-05-17 18:38:59,991:INFO:Starting cross validation
2023-05-17 18:38:59,992:INFO:Cross validating with KFold(n_splits=10, random_state=None, shuffle=False), n_jobs=-1
2023-05-17 18:39:00,135:INFO:Calculating mean and std
2023-05-17 18:39:00,135:INFO:Creating metrics dataframe
2023-05-17 18:39:00,150:INFO:Uploading results into container
2023-05-17 18:39:00,150:INFO:Uploading model into container now
2023-05-17 18:39:00,151:INFO:_master_model_container: 8
2023-05-17 18:39:00,151:INFO:_display_container: 2
2023-05-17 18:39:00,151:INFO:BayesianRidge()
2023-05-17 18:39:00,151:INFO:create_model() successfully completed......................................
2023-05-17 18:39:00,232:INFO:SubProcess create_model() end ==================================
2023-05-17 18:39:00,232:INFO:Creating metrics dataframe
2023-05-17 18:39:00,238:INFO:Initializing Passive Aggressive Regressor
2023-05-17 18:39:00,238:INFO:Total runtime is 0.05706624984741212 minutes
2023-05-17 18:39:00,239:INFO:SubProcess create_model() called ==================================
2023-05-17 18:39:00,239:INFO:Initializing create_model()
2023-05-17 18:39:00,240:INFO:create_model(self=<pycaret.regression.oop.RegressionExperiment object at 0x157ad9250>, estimator=par, fold=KFold(n_splits=10, random_state=None, shuffle=False), round=4, cross_validation=True, predict=True, fit_kwargs={}, groups=None, refit=False, probability_threshold=None, experiment_custom_tags=None, verbose=False, system=False, add_to_model_list=True, metrics=None, display=<pycaret.internal.display.display.CommonDisplay object at 0x168825f70>, model_only=True, return_train_score=False, kwargs={})
2023-05-17 18:39:00,240:INFO:Checking exceptions
2023-05-17 18:39:00,240:INFO:Importing libraries
2023-05-17 18:39:00,240:INFO:Copying training dataset
2023-05-17 18:39:00,242:INFO:Defining folds
2023-05-17 18:39:00,242:INFO:Declaring metric variables
2023-05-17 18:39:00,243:INFO:Importing untrained model
2023-05-17 18:39:00,245:INFO:Passive Aggressive Regressor Imported successfully
2023-05-17 18:39:00,248:INFO:Starting cross validation
2023-05-17 18:39:00,248:INFO:Cross validating with KFold(n_splits=10, random_state=None, shuffle=False), n_jobs=-1
2023-05-17 18:39:00,391:INFO:Calculating mean and std
2023-05-17 18:39:00,391:INFO:Creating metrics dataframe
2023-05-17 18:39:00,407:INFO:Uploading results into container
2023-05-17 18:39:00,407:INFO:Uploading model into container now
2023-05-17 18:39:00,408:INFO:_master_model_container: 9
2023-05-17 18:39:00,408:INFO:_display_container: 2
2023-05-17 18:39:00,408:INFO:PassiveAggressiveRegressor(random_state=123)
2023-05-17 18:39:00,408:INFO:create_model() successfully completed......................................
2023-05-17 18:39:00,491:INFO:SubProcess create_model() end ==================================
2023-05-17 18:39:00,491:INFO:Creating metrics dataframe
2023-05-17 18:39:00,496:INFO:Initializing Huber Regressor
2023-05-17 18:39:00,496:INFO:Total runtime is 0.061370869477589934 minutes
2023-05-17 18:39:00,498:INFO:SubProcess create_model() called ==================================
2023-05-17 18:39:00,498:INFO:Initializing create_model()
2023-05-17 18:39:00,498:INFO:create_model(self=<pycaret.regression.oop.RegressionExperiment object at 0x157ad9250>, estimator=huber, fold=KFold(n_splits=10, random_state=None, shuffle=False), round=4, cross_validation=True, predict=True, fit_kwargs={}, groups=None, refit=False, probability_threshold=None, experiment_custom_tags=None, verbose=False, system=False, add_to_model_list=True, metrics=None, display=<pycaret.internal.display.display.CommonDisplay object at 0x168825f70>, model_only=True, return_train_score=False, kwargs={})
2023-05-17 18:39:00,498:INFO:Checking exceptions
2023-05-17 18:39:00,498:INFO:Importing libraries
2023-05-17 18:39:00,498:INFO:Copying training dataset
2023-05-17 18:39:00,500:INFO:Defining folds
2023-05-17 18:39:00,500:INFO:Declaring metric variables
2023-05-17 18:39:00,502:INFO:Importing untrained model
2023-05-17 18:39:00,503:INFO:Huber Regressor Imported successfully
2023-05-17 18:39:00,506:INFO:Starting cross validation
2023-05-17 18:39:00,506:INFO:Cross validating with KFold(n_splits=10, random_state=None, shuffle=False), n_jobs=-1
2023-05-17 18:39:00,652:INFO:Calculating mean and std
2023-05-17 18:39:00,652:INFO:Creating metrics dataframe
2023-05-17 18:39:00,667:INFO:Uploading results into container
2023-05-17 18:39:00,668:INFO:Uploading model into container now
2023-05-17 18:39:00,668:INFO:_master_model_container: 10
2023-05-17 18:39:00,668:INFO:_display_container: 2
2023-05-17 18:39:00,668:INFO:HuberRegressor()
2023-05-17 18:39:00,668:INFO:create_model() successfully completed......................................
2023-05-17 18:39:00,750:INFO:SubProcess create_model() end ==================================
2023-05-17 18:39:00,750:INFO:Creating metrics dataframe
2023-05-17 18:39:00,755:INFO:Initializing K Neighbors Regressor
2023-05-17 18:39:00,755:INFO:Total runtime is 0.06568991740544639 minutes
2023-05-17 18:39:00,757:INFO:SubProcess create_model() called ==================================
2023-05-17 18:39:00,757:INFO:Initializing create_model()
2023-05-17 18:39:00,757:INFO:create_model(self=<pycaret.regression.oop.RegressionExperiment object at 0x157ad9250>, estimator=knn, fold=KFold(n_splits=10, random_state=None, shuffle=False), round=4, cross_validation=True, predict=True, fit_kwargs={}, groups=None, refit=False, probability_threshold=None, experiment_custom_tags=None, verbose=False, system=False, add_to_model_list=True, metrics=None, display=<pycaret.internal.display.display.CommonDisplay object at 0x168825f70>, model_only=True, return_train_score=False, kwargs={})
2023-05-17 18:39:00,757:INFO:Checking exceptions
2023-05-17 18:39:00,757:INFO:Importing libraries
2023-05-17 18:39:00,757:INFO:Copying training dataset
2023-05-17 18:39:00,760:INFO:Defining folds
2023-05-17 18:39:00,760:INFO:Declaring metric variables
2023-05-17 18:39:00,761:INFO:Importing untrained model
2023-05-17 18:39:00,763:INFO:K Neighbors Regressor Imported successfully
2023-05-17 18:39:00,765:INFO:Starting cross validation
2023-05-17 18:39:00,766:INFO:Cross validating with KFold(n_splits=10, random_state=None, shuffle=False), n_jobs=-1
2023-05-17 18:39:00,907:INFO:Calculating mean and std
2023-05-17 18:39:00,908:INFO:Creating metrics dataframe
2023-05-17 18:39:00,923:INFO:Uploading results into container
2023-05-17 18:39:00,923:INFO:Uploading model into container now
2023-05-17 18:39:00,924:INFO:_master_model_container: 11
2023-05-17 18:39:00,924:INFO:_display_container: 2
2023-05-17 18:39:00,924:INFO:KNeighborsRegressor(n_jobs=-1)
2023-05-17 18:39:00,924:INFO:create_model() successfully completed......................................
2023-05-17 18:39:01,004:INFO:SubProcess create_model() end ==================================
2023-05-17 18:39:01,004:INFO:Creating metrics dataframe
2023-05-17 18:39:01,009:INFO:Initializing Decision Tree Regressor
2023-05-17 18:39:01,009:INFO:Total runtime is 0.06992824872334799 minutes
2023-05-17 18:39:01,011:INFO:SubProcess create_model() called ==================================
2023-05-17 18:39:01,011:INFO:Initializing create_model()
2023-05-17 18:39:01,011:INFO:create_model(self=<pycaret.regression.oop.RegressionExperiment object at 0x157ad9250>, estimator=dt, fold=KFold(n_splits=10, random_state=None, shuffle=False), round=4, cross_validation=True, predict=True, fit_kwargs={}, groups=None, refit=False, probability_threshold=None, experiment_custom_tags=None, verbose=False, system=False, add_to_model_list=True, metrics=None, display=<pycaret.internal.display.display.CommonDisplay object at 0x168825f70>, model_only=True, return_train_score=False, kwargs={})
2023-05-17 18:39:01,011:INFO:Checking exceptions
2023-05-17 18:39:01,011:INFO:Importing libraries
2023-05-17 18:39:01,011:INFO:Copying training dataset
2023-05-17 18:39:01,013:INFO:Defining folds
2023-05-17 18:39:01,013:INFO:Declaring metric variables
2023-05-17 18:39:01,015:INFO:Importing untrained model
2023-05-17 18:39:01,016:INFO:Decision Tree Regressor Imported successfully
2023-05-17 18:39:01,019:INFO:Starting cross validation
2023-05-17 18:39:01,020:INFO:Cross validating with KFold(n_splits=10, random_state=None, shuffle=False), n_jobs=-1
2023-05-17 18:39:01,154:INFO:Calculating mean and std
2023-05-17 18:39:01,155:INFO:Creating metrics dataframe
2023-05-17 18:39:01,170:INFO:Uploading results into container
2023-05-17 18:39:01,170:INFO:Uploading model into container now
2023-05-17 18:39:01,171:INFO:_master_model_container: 12
2023-05-17 18:39:01,171:INFO:_display_container: 2
2023-05-17 18:39:01,171:INFO:DecisionTreeRegressor(random_state=123)
2023-05-17 18:39:01,171:INFO:create_model() successfully completed......................................
2023-05-17 18:39:01,252:INFO:SubProcess create_model() end ==================================
2023-05-17 18:39:01,253:INFO:Creating metrics dataframe
2023-05-17 18:39:01,258:INFO:Initializing Random Forest Regressor
2023-05-17 18:39:01,258:INFO:Total runtime is 0.07406596740086874 minutes
2023-05-17 18:39:01,259:INFO:SubProcess create_model() called ==================================
2023-05-17 18:39:01,259:INFO:Initializing create_model()
2023-05-17 18:39:01,259:INFO:create_model(self=<pycaret.regression.oop.RegressionExperiment object at 0x157ad9250>, estimator=rf, fold=KFold(n_splits=10, random_state=None, shuffle=False), round=4, cross_validation=True, predict=True, fit_kwargs={}, groups=None, refit=False, probability_threshold=None, experiment_custom_tags=None, verbose=False, system=False, add_to_model_list=True, metrics=None, display=<pycaret.internal.display.display.CommonDisplay object at 0x168825f70>, model_only=True, return_train_score=False, kwargs={})
2023-05-17 18:39:01,259:INFO:Checking exceptions
2023-05-17 18:39:01,259:INFO:Importing libraries
2023-05-17 18:39:01,259:INFO:Copying training dataset
2023-05-17 18:39:01,262:INFO:Defining folds
2023-05-17 18:39:01,262:INFO:Declaring metric variables
2023-05-17 18:39:01,263:INFO:Importing untrained model
2023-05-17 18:39:01,264:INFO:Random Forest Regressor Imported successfully
2023-05-17 18:39:01,267:INFO:Starting cross validation
2023-05-17 18:39:01,268:INFO:Cross validating with KFold(n_splits=10, random_state=None, shuffle=False), n_jobs=-1
2023-05-17 18:39:01,628:INFO:Calculating mean and std
2023-05-17 18:39:01,629:INFO:Creating metrics dataframe
2023-05-17 18:39:01,645:INFO:Uploading results into container
2023-05-17 18:39:01,645:INFO:Uploading model into container now
2023-05-17 18:39:01,646:INFO:_master_model_container: 13
2023-05-17 18:39:01,646:INFO:_display_container: 2
2023-05-17 18:39:01,646:INFO:RandomForestRegressor(n_jobs=-1, random_state=123)
2023-05-17 18:39:01,646:INFO:create_model() successfully completed......................................
2023-05-17 18:39:01,728:INFO:SubProcess create_model() end ==================================
2023-05-17 18:39:01,728:INFO:Creating metrics dataframe
2023-05-17 18:39:01,734:INFO:Initializing Extra Trees Regressor
2023-05-17 18:39:01,734:INFO:Total runtime is 0.08199841578801473 minutes
2023-05-17 18:39:01,735:INFO:SubProcess create_model() called ==================================
2023-05-17 18:39:01,735:INFO:Initializing create_model()
2023-05-17 18:39:01,735:INFO:create_model(self=<pycaret.regression.oop.RegressionExperiment object at 0x157ad9250>, estimator=et, fold=KFold(n_splits=10, random_state=None, shuffle=False), round=4, cross_validation=True, predict=True, fit_kwargs={}, groups=None, refit=False, probability_threshold=None, experiment_custom_tags=None, verbose=False, system=False, add_to_model_list=True, metrics=None, display=<pycaret.internal.display.display.CommonDisplay object at 0x168825f70>, model_only=True, return_train_score=False, kwargs={})
2023-05-17 18:39:01,735:INFO:Checking exceptions
2023-05-17 18:39:01,735:INFO:Importing libraries
2023-05-17 18:39:01,735:INFO:Copying training dataset
2023-05-17 18:39:01,737:INFO:Defining folds
2023-05-17 18:39:01,737:INFO:Declaring metric variables
2023-05-17 18:39:01,739:INFO:Importing untrained model
2023-05-17 18:39:01,740:INFO:Extra Trees Regressor Imported successfully
2023-05-17 18:39:01,743:INFO:Starting cross validation
2023-05-17 18:39:01,743:INFO:Cross validating with KFold(n_splits=10, random_state=None, shuffle=False), n_jobs=-1
2023-05-17 18:39:02,085:INFO:Calculating mean and std
2023-05-17 18:39:02,086:INFO:Creating metrics dataframe
2023-05-17 18:39:02,103:INFO:Uploading results into container
2023-05-17 18:39:02,103:INFO:Uploading model into container now
2023-05-17 18:39:02,103:INFO:_master_model_container: 14
2023-05-17 18:39:02,103:INFO:_display_container: 2
2023-05-17 18:39:02,104:INFO:ExtraTreesRegressor(n_jobs=-1, random_state=123)
2023-05-17 18:39:02,104:INFO:create_model() successfully completed......................................
2023-05-17 18:39:02,185:INFO:SubProcess create_model() end ==================================
2023-05-17 18:39:02,185:INFO:Creating metrics dataframe
2023-05-17 18:39:02,190:INFO:Initializing AdaBoost Regressor
2023-05-17 18:39:02,191:INFO:Total runtime is 0.0896131157875061 minutes
2023-05-17 18:39:02,192:INFO:SubProcess create_model() called ==================================
2023-05-17 18:39:02,192:INFO:Initializing create_model()
2023-05-17 18:39:02,192:INFO:create_model(self=<pycaret.regression.oop.RegressionExperiment object at 0x157ad9250>, estimator=ada, fold=KFold(n_splits=10, random_state=None, shuffle=False), round=4, cross_validation=True, predict=True, fit_kwargs={}, groups=None, refit=False, probability_threshold=None, experiment_custom_tags=None, verbose=False, system=False, add_to_model_list=True, metrics=None, display=<pycaret.internal.display.display.CommonDisplay object at 0x168825f70>, model_only=True, return_train_score=False, kwargs={})
2023-05-17 18:39:02,192:INFO:Checking exceptions
2023-05-17 18:39:02,192:INFO:Importing libraries
2023-05-17 18:39:02,192:INFO:Copying training dataset
2023-05-17 18:39:02,194:INFO:Defining folds
2023-05-17 18:39:02,194:INFO:Declaring metric variables
2023-05-17 18:39:02,195:INFO:Importing untrained model
2023-05-17 18:39:02,196:INFO:AdaBoost Regressor Imported successfully
2023-05-17 18:39:02,199:INFO:Starting cross validation
2023-05-17 18:39:02,200:INFO:Cross validating with KFold(n_splits=10, random_state=None, shuffle=False), n_jobs=-1
2023-05-17 18:39:02,363:INFO:Calculating mean and std
2023-05-17 18:39:02,364:INFO:Creating metrics dataframe
2023-05-17 18:39:02,380:INFO:Uploading results into container
2023-05-17 18:39:02,380:INFO:Uploading model into container now
2023-05-17 18:39:02,381:INFO:_master_model_container: 15
2023-05-17 18:39:02,381:INFO:_display_container: 2
2023-05-17 18:39:02,381:INFO:AdaBoostRegressor(random_state=123)
2023-05-17 18:39:02,381:INFO:create_model() successfully completed......................................
2023-05-17 18:39:02,463:INFO:SubProcess create_model() end ==================================
2023-05-17 18:39:02,463:INFO:Creating metrics dataframe
2023-05-17 18:39:02,469:INFO:Initializing Gradient Boosting Regressor
2023-05-17 18:39:02,469:INFO:Total runtime is 0.09425214926401773 minutes
2023-05-17 18:39:02,470:INFO:SubProcess create_model() called ==================================
2023-05-17 18:39:02,470:INFO:Initializing create_model()
2023-05-17 18:39:02,470:INFO:create_model(self=<pycaret.regression.oop.RegressionExperiment object at 0x157ad9250>, estimator=gbr, fold=KFold(n_splits=10, random_state=None, shuffle=False), round=4, cross_validation=True, predict=True, fit_kwargs={}, groups=None, refit=False, probability_threshold=None, experiment_custom_tags=None, verbose=False, system=False, add_to_model_list=True, metrics=None, display=<pycaret.internal.display.display.CommonDisplay object at 0x168825f70>, model_only=True, return_train_score=False, kwargs={})
2023-05-17 18:39:02,470:INFO:Checking exceptions
2023-05-17 18:39:02,470:INFO:Importing libraries
2023-05-17 18:39:02,470:INFO:Copying training dataset
2023-05-17 18:39:02,473:INFO:Defining folds
2023-05-17 18:39:02,473:INFO:Declaring metric variables
2023-05-17 18:39:02,475:INFO:Importing untrained model
2023-05-17 18:39:02,476:INFO:Gradient Boosting Regressor Imported successfully
2023-05-17 18:39:02,479:INFO:Starting cross validation
2023-05-17 18:39:02,480:INFO:Cross validating with KFold(n_splits=10, random_state=None, shuffle=False), n_jobs=-1
2023-05-17 18:39:02,700:INFO:Calculating mean and std
2023-05-17 18:39:02,700:INFO:Creating metrics dataframe
2023-05-17 18:39:02,717:INFO:Uploading results into container
2023-05-17 18:39:02,717:INFO:Uploading model into container now
2023-05-17 18:39:02,717:INFO:_master_model_container: 16
2023-05-17 18:39:02,717:INFO:_display_container: 2
2023-05-17 18:39:02,718:INFO:GradientBoostingRegressor(random_state=123)
2023-05-17 18:39:02,718:INFO:create_model() successfully completed......................................
2023-05-17 18:39:02,799:INFO:SubProcess create_model() end ==================================
2023-05-17 18:39:02,799:INFO:Creating metrics dataframe
2023-05-17 18:39:02,805:INFO:Initializing Light Gradient Boosting Machine
2023-05-17 18:39:02,805:INFO:Total runtime is 0.09985846678415933 minutes
2023-05-17 18:39:02,807:INFO:SubProcess create_model() called ==================================
2023-05-17 18:39:02,807:INFO:Initializing create_model()
2023-05-17 18:39:02,807:INFO:create_model(self=<pycaret.regression.oop.RegressionExperiment object at 0x157ad9250>, estimator=lightgbm, fold=KFold(n_splits=10, random_state=None, shuffle=False), round=4, cross_validation=True, predict=True, fit_kwargs={}, groups=None, refit=False, probability_threshold=None, experiment_custom_tags=None, verbose=False, system=False, add_to_model_list=True, metrics=None, display=<pycaret.internal.display.display.CommonDisplay object at 0x168825f70>, model_only=True, return_train_score=False, kwargs={})
2023-05-17 18:39:02,807:INFO:Checking exceptions
2023-05-17 18:39:02,807:INFO:Importing libraries
2023-05-17 18:39:02,807:INFO:Copying training dataset
2023-05-17 18:39:02,809:INFO:Defining folds
2023-05-17 18:39:02,809:INFO:Declaring metric variables
2023-05-17 18:39:02,810:INFO:Importing untrained model
2023-05-17 18:39:02,811:INFO:Light Gradient Boosting Machine Imported successfully
2023-05-17 18:39:02,815:INFO:Starting cross validation
2023-05-17 18:39:02,815:INFO:Cross validating with KFold(n_splits=10, random_state=None, shuffle=False), n_jobs=-1
2023-05-17 18:39:03,014:INFO:Calculating mean and std
2023-05-17 18:39:03,015:INFO:Creating metrics dataframe
2023-05-17 18:39:03,031:INFO:Uploading results into container
2023-05-17 18:39:03,032:INFO:Uploading model into container now
2023-05-17 18:39:03,032:INFO:_master_model_container: 17
2023-05-17 18:39:03,032:INFO:_display_container: 2
2023-05-17 18:39:03,032:INFO:LGBMRegressor(random_state=123)
2023-05-17 18:39:03,032:INFO:create_model() successfully completed......................................
2023-05-17 18:39:03,113:INFO:SubProcess create_model() end ==================================
2023-05-17 18:39:03,113:INFO:Creating metrics dataframe
2023-05-17 18:39:03,118:INFO:Initializing Dummy Regressor
2023-05-17 18:39:03,118:INFO:Total runtime is 0.10507853428522744 minutes
2023-05-17 18:39:03,120:INFO:SubProcess create_model() called ==================================
2023-05-17 18:39:03,120:INFO:Initializing create_model()
2023-05-17 18:39:03,120:INFO:create_model(self=<pycaret.regression.oop.RegressionExperiment object at 0x157ad9250>, estimator=dummy, fold=KFold(n_splits=10, random_state=None, shuffle=False), round=4, cross_validation=True, predict=True, fit_kwargs={}, groups=None, refit=False, probability_threshold=None, experiment_custom_tags=None, verbose=False, system=False, add_to_model_list=True, metrics=None, display=<pycaret.internal.display.display.CommonDisplay object at 0x168825f70>, model_only=True, return_train_score=False, kwargs={})
2023-05-17 18:39:03,120:INFO:Checking exceptions
2023-05-17 18:39:03,120:INFO:Importing libraries
2023-05-17 18:39:03,120:INFO:Copying training dataset
2023-05-17 18:39:03,122:INFO:Defining folds
2023-05-17 18:39:03,122:INFO:Declaring metric variables
2023-05-17 18:39:03,123:INFO:Importing untrained model
2023-05-17 18:39:03,125:INFO:Dummy Regressor Imported successfully
2023-05-17 18:39:03,128:INFO:Starting cross validation
2023-05-17 18:39:03,128:INFO:Cross validating with KFold(n_splits=10, random_state=None, shuffle=False), n_jobs=-1
2023-05-17 18:39:03,274:INFO:Calculating mean and std
2023-05-17 18:39:03,275:INFO:Creating metrics dataframe
2023-05-17 18:39:03,293:INFO:Uploading results into container
2023-05-17 18:39:03,293:INFO:Uploading model into container now
2023-05-17 18:39:03,293:INFO:_master_model_container: 18
2023-05-17 18:39:03,293:INFO:_display_container: 2
2023-05-17 18:39:03,294:INFO:DummyRegressor()
2023-05-17 18:39:03,294:INFO:create_model() successfully completed......................................
2023-05-17 18:39:03,376:INFO:SubProcess create_model() end ==================================
2023-05-17 18:39:03,376:INFO:Creating metrics dataframe
2023-05-17 18:39:03,385:INFO:Initializing create_model()
2023-05-17 18:39:03,385:INFO:create_model(self=<pycaret.regression.oop.RegressionExperiment object at 0x157ad9250>, estimator=GradientBoostingRegressor(random_state=123), fold=KFold(n_splits=10, random_state=None, shuffle=False), round=4, cross_validation=False, predict=False, fit_kwargs={}, groups=None, refit=True, probability_threshold=None, experiment_custom_tags=None, verbose=False, system=False, add_to_model_list=True, metrics=None, display=None, model_only=True, return_train_score=False, kwargs={})
2023-05-17 18:39:03,386:INFO:Checking exceptions
2023-05-17 18:39:03,386:INFO:Importing libraries
2023-05-17 18:39:03,386:INFO:Copying training dataset
2023-05-17 18:39:03,388:INFO:Defining folds
2023-05-17 18:39:03,388:INFO:Declaring metric variables
2023-05-17 18:39:03,388:INFO:Importing untrained model
2023-05-17 18:39:03,388:INFO:Declaring custom model
2023-05-17 18:39:03,388:INFO:Gradient Boosting Regressor Imported successfully
2023-05-17 18:39:03,389:INFO:Cross validation set to False
2023-05-17 18:39:03,389:INFO:Fitting Model
2023-05-17 18:39:03,461:INFO:GradientBoostingRegressor(random_state=123)
2023-05-17 18:39:03,461:INFO:create_model() successfully completed......................................
2023-05-17 18:39:03,557:INFO:_master_model_container: 18
2023-05-17 18:39:03,557:INFO:_display_container: 2
2023-05-17 18:39:03,557:INFO:GradientBoostingRegressor(random_state=123)
2023-05-17 18:39:03,557:INFO:compare_models() successfully completed......................................
